\BOOKMARK [1][-]{section.1}{\376\377\004\043\004\062\004\076\004\064}{}% 1
\BOOKMARK [1][-]{section.2}{\376\377\004\037\004\100\004\076\004\063\004\100\004\060\004\074\004\101\004\072\004\070\000\040\004\130\004\065\004\067\004\070\004\072\000\040\000P\000y\000t\000h\000o\000n}{}% 2
\BOOKMARK [2][-]{subsection.2.1}{\376\377\004\032\004\060\004\100\004\060\004\072\004\102\004\065\004\100\004\070\004\101\004\102\004\070\004\072\004\065\000\040\004\070\000\040\004\070\004\101\004\102\004\076\004\100\004\070\004\130\004\060\004\102}{section.2}% 3
\BOOKMARK [3][-]{subsubsection.2.1.1}{\376\377\004\037\004\100\004\076\004\063\004\100\004\060\004\074\004\101\004\072\004\070\000\040\004\130\004\065\004\067\004\070\004\106\004\070\000\040\004\070\000\040\004\077\004\100\004\076\004\063\004\100\004\060\004\074\004\070\004\100\004\060\004\132\004\065}{subsection.2.1}% 4
\BOOKMARK [3][-]{subsubsection.2.1.2}{\376\377\004\027\004\060\004\110\004\102\004\076\000\040\000P\000y\000t\000h\000o\000n\000?}{subsection.2.1}% 5
\BOOKMARK [3][-]{subsubsection.2.1.3}{\376\377\004\030\004\101\004\102\004\076\004\100\004\070\004\130\004\060\004\102\000\040\004\070\000\040\004\075\004\060\004\107\004\070\004\075\000\040\004\072\004\076\004\100\004\070\004\110\004\133\004\065\004\132\004\060}{subsection.2.1}% 6
\BOOKMARK [2][-]{subsection.2.2}{\376\377\004\040\004\060\004\107\004\103\004\075\004\060\004\132\004\065\000\040\004\070\000\040\004\077\004\100\004\076\004\074\004\065\004\075\004\131\004\070\004\062\004\065}{section.2}% 7
\BOOKMARK [3][-]{subsubsection.2.2.1}{\376\377\000P\000y\000t\000h\000o\000n\000\040\004\072\004\060\004\076\000\040\004\072\004\060\004\073\004\072\004\103\004\073\004\060\004\102\004\076\004\100}{subsection.2.2}% 8
\BOOKMARK [3][-]{subsubsection.2.2.2}{\376\377\004\037\004\100\004\076\004\074\004\065\004\075\004\131\004\070\004\062\004\065}{subsection.2.2}% 9
\BOOKMARK [2][-]{subsection.2.3}{\376\377\004\042\004\070\004\077\004\076\004\062\004\070\000\040\004\077\004\076\004\064\004\060\004\102\004\060\004\072\004\060}{section.2}% 10
\BOOKMARK [3][-]{subsubsection.2.3.1}{\376\377\004\035\004\070\004\101\004\072\004\065}{subsection.2.3}% 11
\BOOKMARK [3][-]{subsubsection.2.3.2}{\376\377\004\033\004\070\004\101\004\102\004\065}{subsection.2.3}% 12
\BOOKMARK [3][-]{subsubsection.2.3.3}{\376\377\004\034\004\060\004\077\004\065}{subsection.2.3}% 13
\BOOKMARK [3][-]{subsubsection.2.3.4}{\376\377\004\043\004\100\004\065\004\122\004\065\004\075\004\065\000\040\000n\000-\004\102\004\076\004\100\004\072\004\065}{subsection.2.3}% 14
\BOOKMARK [2][-]{subsection.2.4}{\376\377\004\043\004\101\004\073\004\076\004\062}{section.2}% 15
\BOOKMARK [3][-]{subsubsection.2.4.1}{\376\377\004\037\004\100\004\076\004\063\004\100\004\060\004\074\004\101\004\072\004\070\000\040\004\061\004\073\004\076\004\072}{subsection.2.4}% 16
\BOOKMARK [3][-]{subsubsection.2.4.2}{\376\377\004\035\004\060\004\100\004\065\004\064\004\061\004\060\000\040\000i\000f}{subsection.2.4}% 17
\BOOKMARK [3][-]{subsubsection.2.4.3}{\376\377\004\035\004\060\004\100\004\065\004\064\004\061\004\060\000\040\000i\000f\000-\000t\000h\000e\000n\000-\000e\000l\000s\000e}{subsection.2.4}% 18
\BOOKMARK [3][-]{subsubsection.2.4.4}{\376\377\004\043\004\101\004\073\004\076\004\062\004\070\000\040\004\070\000\040\004\072\004\076\004\074\004\061\004\070\004\075\004\076\004\062\004\060\004\132\004\065\000\040\004\103\004\101\004\073\004\076\004\062\004\060}{subsection.2.4}% 19
\BOOKMARK [2][-]{subsection.2.5}{\376\377\004\037\004\065\004\102\004\131\004\065}{section.2}% 20
\BOOKMARK [3][-]{subsubsection.2.5.1}{\376\377\004\037\004\065\004\102\004\131\004\060\000\040\000w\000h\000i\000l\000e}{subsection.2.5}% 21
\BOOKMARK [3][-]{subsubsection.2.5.2}{\376\377\004\037\004\065\004\102\004\131\004\060\000\040\000f\000o\000r}{subsection.2.5}% 22
\BOOKMARK [2][-]{subsection.2.6}{\376\377\004\044\004\103\004\075\004\072\004\106\004\070\004\130\004\065\000\040\004\070\000\040\004\074\004\076\004\064\004\103\004\073\004\070}{section.2}% 23
\BOOKMARK [3][-]{subsubsection.2.6.1}{\376\377\004\044\004\103\004\075\004\072\004\106\004\070\004\130\004\065\000\040\004\103\000\040\000P\000y\000t\000h\000o\000n\000-\004\103}{subsection.2.6}% 24
\BOOKMARK [3][-]{subsubsection.2.6.2}{\376\377\004\034\004\076\004\064\004\103\004\073\004\070}{subsection.2.6}% 25
\BOOKMARK [2][-]{subsection.2.7}{\376\377\004\032\004\073\004\060\004\101\004\065\000\040\004\070\000\040\004\076\004\061\004\130\004\065\004\072\004\102\004\070}{section.2}% 26
\BOOKMARK [3][-]{subsubsection.2.7.1}{\376\377\004\036\004\061\004\130\004\065\004\072\004\102\004\075\004\076\000-\004\076\004\100\004\070\004\130\004\065\004\075\004\102\004\070\004\101\004\060\004\075\004\076\000\040\004\077\004\100\004\076\004\063\004\100\004\060\004\074\004\070\004\100\004\060\004\132\004\065}{subsection.2.7}% 27
\BOOKMARK [3][-]{subsubsection.2.7.2}{\376\377\004\032\004\073\004\060\004\101\004\065\000\040\004\070\000\040\004\076\004\061\004\130\004\065\004\072\004\102\004\070\000\040\004\103\000\040\000P\000y\000t\000h\000o\000n\000-\004\103}{subsection.2.7}% 28
\BOOKMARK [3][-]{subsubsection.2.7.3}{\376\377\004\034\004\065\004\102\004\076\004\064\004\070}{subsection.2.7}% 29
\BOOKMARK [1][-]{section.3}{\376\377\004\037\004\100\004\065\004\102\004\100\004\060\004\063\004\060\000\040\004\030\004\075\004\102\004\065\004\100\004\075\004\065\004\102\004\060\000\040\004\070\000\040\004\076\004\061\004\100\004\060\004\064\004\060\000\040\004\105\004\070\004\077\004\065\004\100\004\062\004\065\004\067\004\060}{}% 30
\BOOKMARK [2][-]{subsection.3.1}{\376\377\004\037\004\100\004\076\004\075\004\060\004\073\004\060\004\066\004\065\004\132\004\065\000\040\004\070\004\075\004\104\004\076\004\100\004\074\004\060\004\106\004\070\004\130\004\060}{section.3}% 31
\BOOKMARK [2][-]{subsection.3.2}{\376\377\004\037\004\100\004\076\004\075\004\060\004\073\004\060\004\066\004\065\004\132\004\065\000\040\004\070\004\075\004\104\004\076\004\100\004\074\004\060\004\106\004\070\004\130\004\060\000\040\004\075\004\060\000\040\004\062\004\065\004\061\004\103}{section.3}% 32
\BOOKMARK [2][-]{subsection.3.3}{\376\377\004\037\004\100\004\076\004\106\004\065\004\101\000\040\004\062\004\065\004\061\000\040\004\077\004\100\004\065\004\102\004\100\004\060\004\066\004\070\004\062\004\060\004\132\004\060}{section.3}% 33
\BOOKMARK [2][-]{subsection.3.4}{\376\377\004\030\004\067\004\062\004\073\004\060\004\107\004\065\004\132\004\065\000\040\004\105\004\070\004\077\004\065\004\100\004\062\004\065\004\067\004\065}{section.3}% 34
\BOOKMARK [3][-]{subsubsection.3.4.1}{\376\377\004\041\004\102\004\100\004\103\004\072\004\102\004\103\004\100\004\060\000\040\000H\000T\000M\000L\000\040\004\101\004\102\004\100\004\060\004\075\004\070\004\106\004\065}{subsection.3.4}% 35
\BOOKMARK [3][-]{subsubsection.3.4.2}{\376\377\000H\000T\000M\000L\000\040\000<\000a\000>\000\040\000t\000a\000g}{subsection.3.4}% 36
\BOOKMARK [3][-]{subsubsection.3.4.3}{\376\377\004\035\004\060\004\073\004\060\004\066\004\065\004\132\004\065\000\040\004\077\004\100\004\062\004\076\004\063\000\040\004\105\004\070\004\077\004\065\004\100\004\073\004\070\004\075\004\072\004\060}{subsection.3.4}% 37
\BOOKMARK [2][-]{subsection.3.5}{\376\377\004\035\004\060\004\073\004\060\004\066\004\065\004\132\004\065\000\040\004\101\004\062\004\070\004\105\000\040\004\105\004\070\004\077\004\065\004\100\004\062\004\065\004\067\004\060\000\040\004\075\004\060\000\040\004\101\004\102\004\100\004\060\004\075\004\070\004\106\004\070}{section.3}% 38
\BOOKMARK [3][-]{subsubsection.3.5.1}{\376\377\004\037\004\100\004\076\004\106\004\065\004\064\004\103\004\100\004\060\000\040\000"\000g\000e\000t\000\137\000n\000e\000x\000t\000\137\000t\000a\000r\000g\000e\000t\000"}{subsection.3.5}% 39
\BOOKMARK [3][-]{subsubsection.3.5.2}{\376\377\004\020\004\072\004\076\000\040\004\075\004\065\004\074\004\060\000\040\004\073\004\070\004\075\004\072\004\076\004\062\004\060\000?}{subsection.3.5}% 40
\BOOKMARK [3][-]{subsubsection.3.5.3}{\376\377\004\041\004\062\004\065\000\040\004\105\004\070\004\077\004\065\004\100\004\062\004\065\004\067\004\065}{subsection.3.5}% 41
\BOOKMARK [1][-]{section.4}{\376\377\004\032\004\100\004\065\004\070\004\100\004\060\004\132\004\065\000\040\000"\004\062\004\065\004\061\000-\004\077\004\060\004\103\004\072\004\060\000"}{}% 42
\BOOKMARK [2][-]{subsection.4.1}{\376\377\004\041\004\074\004\065\004\110\004\102\004\060\004\132\004\065\000\040\004\105\004\070\004\077\004\065\004\100\004\062\004\065\004\067\004\060\000\040\004\103\000\040\004\073\004\070\004\101\004\102\004\103}{section.4}% 43
\BOOKMARK [2][-]{subsection.4.2}{\376\377\004\027\004\060\004\062\004\100\004\110\004\065\004\102\004\060\004\072\000\040\004\062\004\065\004\061\000-\004\077\004\060\004\103\004\072\004\060}{section.4}% 44
\BOOKMARK [3][-]{subsubsection.4.2.1}{\376\377\004\027\004\060\004\062\004\100\004\110\004\075\004\070\000\040\004\072\000\364\004\064}{subsection.4.2}% 45
\BOOKMARK [3][-]{subsubsection.4.2.2}{\376\377\004\036\004\063\004\100\004\060\004\075\004\070\004\107\004\065\004\075\000\040\004\061\004\100\004\076\004\130\000\040\004\101\004\102\004\100\004\060\004\075\004\060\000\040\004\077\004\076\000\040\004\101\004\062\004\060\004\072\004\076\004\130\000\040\004\105\004\070\004\077\004\065\004\100\004\062\004\065\004\067\004\070}{subsection.4.2}% 46
\BOOKMARK [3][-]{subsubsection.4.2.3}{\376\377\004\036\004\063\004\100\004\060\004\075\004\070\004\107\004\065\004\075\004\060\000\040\000"\004\064\004\103\004\061\004\070\004\075\004\060\000"\000\040\004\077\004\100\004\065\004\102\004\100\004\060\004\066\004\070\004\062\004\060\004\132\004\060}{subsection.4.2}% 47
\BOOKMARK [1][-]{section.5}{\376\377\004\024\004\076\004\061\004\070\004\130\004\060\004\132\004\065\000\040\004\076\004\064\004\063\004\076\004\062\004\076\004\100\004\060\000\040\004\075\004\060\000\040\004\067\004\060\004\064\004\060\004\102\004\070\000\040\004\103\004\077\004\070\004\102}{}% 48
\BOOKMARK [2][-]{subsection.5.1}{\376\377\004\036\004\064\004\063\004\076\004\062\004\076\004\100\004\070\000\040\004\075\004\060\000\040\004\103\004\077\004\070\004\102\004\065}{section.5}% 49
\BOOKMARK [3][-]{subsubsection.5.1.1}{\376\377\004\037\004\100\004\060\004\062\004\131\004\065\004\132\004\065\000\040\004\070\004\075\004\064\004\065\004\072\004\101\000a}{subsection.5.1}% 50
\BOOKMARK [3][-]{subsubsection.5.1.2}{\376\377\004\037\004\100\004\076\004\106\004\065\004\064\004\103\004\100\004\060\000\040\004\067\004\060\000\040\004\077\004\100\004\065\004\102\004\100\004\060\004\066\004\070\004\062\004\060\004\132\004\065\000\040\004\070\004\075\004\064\004\065\004\072\004\101\004\060}{subsection.5.1}% 51
\BOOKMARK [3][-]{subsubsection.5.1.3}{\376\377\004\023\004\100\004\060\004\064\004\132\004\060\000\040\004\070\004\075\004\064\004\065\004\072\004\101\000\040\004\073\004\070\004\101\004\102\004\065}{subsection.5.1}% 52
\BOOKMARK [3][-]{subsubsection.5.1.4}{\376\377\004\037\004\100\004\076\004\074\004\065\004\075\004\060\000\040\004\062\004\065\004\061\000-\004\077\004\060\004\103\004\072\004\060\000\040\004\064\004\060\000\040\004\100\004\060\004\064\004\070\000\040\004\101\004\060\000\040\004\070\004\075\004\064\004\065\004\072\004\101\004\076\004\074}{subsection.5.1}% 53
\BOOKMARK [2][-]{subsection.5.2}{\376\377\004\032\004\060\004\072\004\076\000\040\004\103\004\061\004\100\004\067\004\060\004\102\004\070\000?}{section.5}% 54
\BOOKMARK [3][-]{subsubsection.5.2.1}{\376\377\004\045\004\065\004\110\000\040\004\102\004\060\004\061\004\065\004\073\004\060}{subsection.5.2}% 55
\BOOKMARK [3][-]{subsubsection.5.2.2}{\376\377\004\024\004\065\004\104\004\070\004\075\004\070\004\101\004\060\004\132\004\065\000\040\004\105\004\065\004\110\000\040\004\104\004\103\004\075\004\072\004\106\004\070\004\130\004\065}{subsection.5.2}% 56
\BOOKMARK [3][-]{subsubsection.5.2.3}{\376\377\004\037\004\100\004\060\004\062\004\131\004\065\004\132\004\065\000\040\004\077\004\100\004\060\004\067\004\075\004\065\000\040\004\105\004\065\004\110\000\040\004\102\004\060\004\061\004\065\004\073\004\065}{subsection.5.2}% 57
\BOOKMARK [3][-]{subsubsection.5.2.4}{\376\377\004\035\004\060\004\073\004\060\004\066\004\065\004\132\004\065\000\040\004\076\004\064\004\063\004\076\004\062\004\060\004\100\004\060\004\130\004\103\004\133\004\065\000\040\004\073\004\070\004\101\004\102\004\065}{subsection.5.2}% 58
\BOOKMARK [3][-]{subsubsection.5.2.5}{\376\377\004\032\004\076\004\100\004\070\004\110\004\133\004\065\004\132\004\065\000\040\004\074\004\060\004\077\004\065\000\040\004\103\004\074\004\065\004\101\004\102\004\076\000\040\004\073\004\070\004\101\004\102\004\065}{subsection.5.2}% 59
\BOOKMARK [1][-]{section.6}{\376\377\004\040\004\060\004\075\004\063\004\070\004\100\004\060\004\132\004\065\000\040\004\101\004\102\004\100\004\060\004\075\004\070\004\106\004\060}{}% 60
\BOOKMARK [2][-]{subsection.6.1}{\376\377\004\042\004\060\004\072\004\074\004\070\004\107\004\065\004\132\004\065\000\040\004\103\000\040\004\077\004\076\004\077\004\103\004\073\004\060\004\100\004\075\004\076\004\101\004\102\004\070}{section.6}% 61
\BOOKMARK [2][-]{subsection.6.2}{\376\377\004\034\004\060\004\102\004\100\004\070\004\107\004\075\004\070\000\040\004\076\004\061\004\073\004\070\004\072}{section.6}% 62
\BOOKMARK [2][-]{subsection.6.3}{\376\377\004\030\004\067\004\100\004\060\004\107\004\103\004\075\004\060\004\062\004\060\004\132\004\065\000\040\004\062\004\100\004\065\004\064\004\075\004\076\004\101\004\102\004\070\000\040\000P\000a\000g\000e\000R\000a\000n\000k\041\042\000\040\004\062\004\065\004\072\004\102\004\076\004\100\004\060}{section.6}% 63
\BOOKMARK [2][-]{subsection.6.4}{\376\377\004\040\004\060\004\075\004\063\004\070\004\100\004\060\004\132\004\065\000\040\004\062\004\065\004\061\000\040\004\101\004\102\004\100\004\060\004\075\004\070\004\106\004\060\000\040\004\103\000\040\000P\000y\000t\000h\000o\000n\000-\004\103}{section.6}% 64
\BOOKMARK [2][-]{subsection.6.5}{\376\377\004\030\004\067\004\100\004\060\004\107\004\103\004\075\004\060\004\062\004\060\004\132\004\065\000\040\004\100\004\060\004\075\004\063\004\060\000\040\004\101\004\102\004\100\004\060\004\075\004\070\004\106\004\065}{section.6}% 65
\BOOKMARK [1][-]{section.7}{\376\377\004\027\004\060\004\072\004\131\004\103\004\107\004\060\004\072}{}% 66
\BOOKMARK [1][-]{section.8}{\376\377\004\024\004\076\004\064\004\060\004\102\004\060\004\072\000\040\004\020\000:\000\040\004\027\004\060\004\062\004\100\004\110\004\075\004\070\000\040\004\072\004\076\003\002\004\064}{}% 67
\BOOKMARK [1][-]{section.9}{\376\377\004\024\004\076\004\064\004\060\004\102\004\060\004\072\000\040\004\021\000:\000\040\004\040\004\065\004\067\004\103\004\073\004\102\004\060\004\102\004\070}{}% 68
\BOOKMARK [1][-]{section.10}{\376\377\004\024\004\076\004\064\004\060\004\102\004\060\004\072\000\040\004\022\000:\000\040\004\041\004\077\004\070\004\101\004\060\004\072\000\040\004\077\004\100\004\076\004\063\004\100\004\060\004\074\004\101\004\072\004\070\004\105\000\040\004\072\004\076\003\002\004\064\004\076\004\062\004\060\000\040\004\103\004\077\004\076\004\102\004\100\004\065\004\061\004\131\004\065\004\075\004\070\004\105\000\040\004\103\000\040\004\100\004\060\004\064\004\103}{}% 69
