This is pdfTeX, Version 3.1415926-2.5-1.40.14 (TeX Live 2013/Debian) (format=pdflatex 2015.11.15)  17 JAN 2016 23:54
entering extended mode
 \write18 enabled.
 %&-line parsing enabled.
**master.tex
(./master.tex
LaTeX2e <2011/06/27>
Babel <3.9h> and hyphenation patterns for 78 languages loaded.
(/usr/share/texlive/texmf-dist/tex/latex/base/article.cls
Document Class: article 2007/10/19 v1.4h Standard LaTeX document class
(/usr/share/texlive/texmf-dist/tex/latex/base/size11.clo
File: size11.clo 2007/10/19 v1.4h Standard LaTeX file (size option)
)
\c@part=\count79
\c@section=\count80
\c@subsection=\count81
\c@subsubsection=\count82
\c@paragraph=\count83
\c@subparagraph=\count84
\c@figure=\count85
\c@table=\count86
\abovecaptionskip=\skip41
\belowcaptionskip=\skip42
\bibindent=\dimen102
)
(/usr/share/texlive/texmf-dist/tex/latex/base/inputenc.sty
Package: inputenc 2008/03/30 v1.1d Input encoding file
\inpenc@prehook=\toks14
\inpenc@posthook=\toks15

(/usr/share/texlive/texmf-dist/tex/latex/ucs/utf8x.def
File: utf8x.def 2004/10/17 UCS: Input encoding UTF-8
))
(/usr/share/texlive/texmf-dist/tex/latex/ucs/ucs.sty
Package: ucs 2013/05/11 v2.2 UCS: Unicode input support

(/usr/share/texlive/texmf-dist/tex/latex/ucs/data/uni-global.def
File: uni-global.def 2013/05/13 UCS: Unicode global data
)
\uc@secondtry=\count87
\uc@combtoks=\toks16
\uc@combtoksb=\toks17
\uc@temptokena=\toks18
)
(/usr/share/texlive/texmf-dist/tex/latex/base/fontenc.sty
Package: fontenc 2005/09/27 v1.99g Standard LaTeX package

(/usr/share/texlive/texmf-dist/tex/latex/cyrillic/t2aenc.def
File: t2aenc.def 2005/09/27 v1.0i Cyrillic encoding definition file
)
LaTeX Font Info:    Try loading font information for T2A+cmr on input line 100.


(/usr/share/texlive/texmf-dist/tex/latex/cyrillic/t2acmr.fd
File: t2acmr.fd 2001/08/11 v1.0a Computer Modern Cyrillic font definitions
))
(/usr/share/texlive/texmf-dist/tex/generic/babel/babel.sty
Package: babel 2013/12/03 3.9h The Babel package

(/usr/share/texlive/texmf-dist/tex/generic/babel-english/english.ldf
Language: english 2012/08/20 v3.3p English support from the babel system

(/usr/share/texlive/texmf-dist/tex/generic/babel/babel.def
File: babel.def 2013/12/03 3.9h Babel common definitions
\babel@savecnt=\count88
\U@D=\dimen103
)
\l@canadian = a dialect from \language\l@american 
\l@australian = a dialect from \language\l@british 
\l@newzealand = a dialect from \language\l@british 
)
(/usr/share/texlive/texmf-dist/tex/generic/babel-serbianc/serbianc.ldf
Language: serbianc 2011/06/06 v2.2 Serbian cyrillic
)
(/usr/share/texlive/texmf-dist/tex/generic/babel-serbianc/serbianc.ldf
Language: serbianc 2011/06/06 v2.2 Serbian cyrillic
))
(/usr/share/texlive/texmf-dist/tex/latex/base/fontenc.sty
Package: fontenc 2005/09/27 v1.99g Standard LaTeX package

(/usr/share/texlive/texmf-dist/tex/latex/cyrillic/t2aenc.def
File: t2aenc.def 2005/09/27 v1.0i Cyrillic encoding definition file
LaTeX Font Info:    Redeclaring font encoding T2A on input line 38.
))
(/usr/share/texlive/texmf-dist/tex/latex/amsmath/amsmath.sty
Package: amsmath 2013/01/14 v2.14 AMS math features
\@mathmargin=\skip43

For additional information on amsmath, use the `?' option.
(/usr/share/texlive/texmf-dist/tex/latex/amsmath/amstext.sty
Package: amstext 2000/06/29 v2.01

(/usr/share/texlive/texmf-dist/tex/latex/amsmath/amsgen.sty
File: amsgen.sty 1999/11/30 v2.0
\@emptytoks=\toks19
\ex@=\dimen104
))
(/usr/share/texlive/texmf-dist/tex/latex/amsmath/amsbsy.sty
Package: amsbsy 1999/11/29 v1.2d
\pmbraise@=\dimen105
)
(/usr/share/texlive/texmf-dist/tex/latex/amsmath/amsopn.sty
Package: amsopn 1999/12/14 v2.01 operator names
)
\inf@bad=\count89
LaTeX Info: Redefining \frac on input line 210.
\uproot@=\count90
\leftroot@=\count91
LaTeX Info: Redefining \overline on input line 306.
\classnum@=\count92
\DOTSCASE@=\count93
LaTeX Info: Redefining \ldots on input line 378.
LaTeX Info: Redefining \dots on input line 381.
LaTeX Info: Redefining \cdots on input line 466.
\Mathstrutbox@=\box26
\strutbox@=\box27
\big@size=\dimen106
LaTeX Font Info:    Redeclaring font encoding OML on input line 566.
LaTeX Font Info:    Redeclaring font encoding OMS on input line 567.
\macc@depth=\count94
\c@MaxMatrixCols=\count95
\dotsspace@=\muskip10
\c@parentequation=\count96
\dspbrk@lvl=\count97
\tag@help=\toks20
\row@=\count98
\column@=\count99
\maxfields@=\count100
\andhelp@=\toks21
\eqnshift@=\dimen107
\alignsep@=\dimen108
\tagshift@=\dimen109
\tagwidth@=\dimen110
\totwidth@=\dimen111
\lineht@=\dimen112
\@envbody=\toks22
\multlinegap=\skip44
\multlinetaggap=\skip45
\mathdisplay@stack=\toks23
LaTeX Info: Redefining \[ on input line 2665.
LaTeX Info: Redefining \] on input line 2666.
)
(/usr/share/texlive/texmf-dist/tex/latex/amsfonts/amsfonts.sty
Package: amsfonts 2013/01/14 v3.01 Basic AMSFonts support
\symAMSa=\mathgroup4
\symAMSb=\mathgroup5
LaTeX Font Info:    Overwriting math alphabet `\mathfrak' in version `bold'
(Font)                  U/euf/m/n --> U/euf/b/n on input line 106.
)
(/usr/share/texlive/texmf-dist/tex/latex/amsfonts/amssymb.sty
Package: amssymb 2013/01/14 v3.01 AMS font symbols
)
(/usr/share/texlive/texmf-dist/tex/latex/graphics/graphicx.sty
Package: graphicx 1999/02/16 v1.0f Enhanced LaTeX Graphics (DPC,SPQR)

(/usr/share/texlive/texmf-dist/tex/latex/graphics/keyval.sty
Package: keyval 1999/03/16 v1.13 key=value parser (DPC)
\KV@toks@=\toks24
)
(/usr/share/texlive/texmf-dist/tex/latex/graphics/graphics.sty
Package: graphics 2009/02/05 v1.0o Standard LaTeX Graphics (DPC,SPQR)

(/usr/share/texlive/texmf-dist/tex/latex/graphics/trig.sty
Package: trig 1999/03/16 v1.09 sin cos tan (DPC)
)
(/usr/share/texlive/texmf-dist/tex/latex/latexconfig/graphics.cfg
File: graphics.cfg 2010/04/23 v1.9 graphics configuration of TeX Live
)
Package graphics Info: Driver file: pdftex.def on input line 91.

(/usr/share/texlive/texmf-dist/tex/latex/pdftex-def/pdftex.def
File: pdftex.def 2011/05/27 v0.06d Graphics/color for pdfTeX

(/usr/share/texlive/texmf-dist/tex/generic/oberdiek/infwarerr.sty
Package: infwarerr 2010/04/08 v1.3 Providing info/warning/error messages (HO)
)
(/usr/share/texlive/texmf-dist/tex/generic/oberdiek/ltxcmds.sty
Package: ltxcmds 2011/11/09 v1.22 LaTeX kernel commands for general use (HO)
)
\Gread@gobject=\count101
))
\Gin@req@height=\dimen113
\Gin@req@width=\dimen114
)
(/usr/share/texlive/texmf-dist/tex/latex/geometry/geometry.sty
Package: geometry 2010/09/12 v5.6 Page Geometry

(/usr/share/texlive/texmf-dist/tex/generic/oberdiek/ifpdf.sty
Package: ifpdf 2011/01/30 v2.3 Provides the ifpdf switch (HO)
Package ifpdf Info: pdfTeX in PDF mode is detected.
)
(/usr/share/texlive/texmf-dist/tex/generic/oberdiek/ifvtex.sty
Package: ifvtex 2010/03/01 v1.5 Detect VTeX and its facilities (HO)
Package ifvtex Info: VTeX not detected.
)
(/usr/share/texlive/texmf-dist/tex/generic/ifxetex/ifxetex.sty
Package: ifxetex 2010/09/12 v0.6 Provides ifxetex conditional
)
\Gm@cnth=\count102
\Gm@cntv=\count103
\c@Gm@tempcnt=\count104
\Gm@bindingoffset=\dimen115
\Gm@wd@mp=\dimen116
\Gm@odd@mp=\dimen117
\Gm@even@mp=\dimen118
\Gm@layoutwidth=\dimen119
\Gm@layoutheight=\dimen120
\Gm@layouthoffset=\dimen121
\Gm@layoutvoffset=\dimen122
\Gm@dimlist=\toks25
)
(/usr/share/texlive/texmf-dist/tex/latex/listings/listings.sty
\lst@mode=\count105
\lst@gtempboxa=\box28
\lst@token=\toks26
\lst@length=\count106
\lst@currlwidth=\dimen123
\lst@column=\count107
\lst@pos=\count108
\lst@lostspace=\dimen124
\lst@width=\dimen125
\lst@newlines=\count109
\lst@lineno=\count110
\lst@maxwidth=\dimen126

(/usr/share/texlive/texmf-dist/tex/latex/listings/lstmisc.sty
File: lstmisc.sty 2013/08/26 1.5b (Carsten Heinz)
\c@lstnumber=\count111
\lst@skipnumbers=\count112
\lst@framebox=\box29
)
(/usr/share/texlive/texmf-dist/tex/latex/listings/listings.cfg
File: listings.cfg 2013/08/26 1.5b listings configuration
))
Package: listings 2013/08/26 1.5b (Carsten Heinz)

(/usr/share/texlive/texmf-dist/tex/latex/eurosym/eurosym.sty
Package: eurosym 1998/08/06 v1.1 European currency symbol ``Euro''
\@eurobox=\box30
)
(/usr/share/texlive/texmf-dist/tex/latex/graphics/color.sty
Package: color 2005/11/14 v1.0j Standard LaTeX Color (DPC)

(/usr/share/texlive/texmf-dist/tex/latex/latexconfig/color.cfg
File: color.cfg 2007/01/18 v1.5 color configuration of teTeX/TeXLive
)
Package color Info: Driver file: pdftex.def on input line 130.
)
(/usr/share/texmf/tex/latex/xcolor/xcolor.sty
Package: xcolor 2007/01/21 v2.11 LaTeX color extensions (UK)

(/usr/share/texlive/texmf-dist/tex/latex/latexconfig/color.cfg
File: color.cfg 2007/01/18 v1.5 color configuration of teTeX/TeXLive
)
Package xcolor Info: Driver file: pdftex.def on input line 225.
LaTeX Info: Redefining \color on input line 702.
Package xcolor Info: Model `cmy' substituted by `cmy0' on input line 1337.
Package xcolor Info: Model `hsb' substituted by `rgb' on input line 1341.
Package xcolor Info: Model `RGB' extended on input line 1353.
Package xcolor Info: Model `HTML' substituted by `rgb' on input line 1355.
Package xcolor Info: Model `Hsb' substituted by `hsb' on input line 1356.
Package xcolor Info: Model `tHsb' substituted by `hsb' on input line 1357.
Package xcolor Info: Model `HSB' substituted by `hsb' on input line 1358.
Package xcolor Info: Model `Gray' substituted by `gray' on input line 1359.
Package xcolor Info: Model `wave' substituted by `hsb' on input line 1360.
)
(/usr/share/texlive/texmf-dist/tex/latex/blkarray/blkarray.sty
\c@BAenumi=\count113
\BA@col=\count114
\BA@block@cnt=\count115
\BA@final@box=\box31
\BA@colsep=\dimen127
\BA@ftn=\toks27
\BAextrarowheight=\dimen128
\BAextraheightafterhline=\dimen129
\BAarrayrulewidth=\dimen130
\BAdoublerulesep=\dimen131
\BAfootskip=\dimen132
\BA@dashbox=\box32
\BA@ddashbox=\box33
)
(/usr/share/texlive/texmf-dist/tex/latex/base/makeidx.sty
Package: makeidx 2000/03/29 v1.0m Standard LaTeX package
)
(/usr/share/texlive/texmf-dist/tex/latex/tools/multicol.sty
Package: multicol 2011/06/27 v1.7a multicolumn formatting (FMi)
\c@tracingmulticols=\count116
\mult@box=\box34
\multicol@leftmargin=\dimen133
\c@unbalance=\count117
\c@collectmore=\count118
\doublecol@number=\count119
\multicoltolerance=\count120
\multicolpretolerance=\count121
\full@width=\dimen134
\page@free=\dimen135
\premulticols=\dimen136
\postmulticols=\dimen137
\multicolsep=\skip46
\multicolbaselineskip=\skip47
\partial@page=\box35
\last@line=\box36
\mult@rightbox=\box37
\mult@grightbox=\box38
\mult@gfirstbox=\box39
\mult@firstbox=\box40
\@tempa=\box41
\@tempa=\box42
\@tempa=\box43
\@tempa=\box44
\@tempa=\box45
\@tempa=\box46
\@tempa=\box47
\@tempa=\box48
\@tempa=\box49
\@tempa=\box50
\@tempa=\box51
\@tempa=\box52
\@tempa=\box53
\@tempa=\box54
\@tempa=\box55
\@tempa=\box56
\@tempa=\box57
\c@columnbadness=\count122
\c@finalcolumnbadness=\count123
\last@try=\dimen138
\multicolovershoot=\dimen139
\multicolundershoot=\dimen140
\mult@nat@firstbox=\box58
\colbreak@box=\box59
\multicol@sort@counter=\count124
)
\@indexfile=\write3
\openout3 = `master.idx'.


Writing index file master.idx
(/usr/share/texlive/texmf-dist/tex/latex/url/url.sty
\Urlmuskip=\muskip11
Package: url 2013/09/16  ver 3.4  Verb mode for urls, etc.
)
(/usr/share/texlive/texmf-dist/tex/latex/caption/caption.sty
Package: caption 2013/05/02 v3.3-89 Customizing captions (AR)

(/usr/share/texlive/texmf-dist/tex/latex/caption/caption3.sty
Package: caption3 2013/05/02 v1.6-88 caption3 kernel (AR)
Package caption3 Info: TeX engine: e-TeX on input line 57.
\captionmargin=\dimen141
\captionmargin@=\dimen142
\captionwidth=\dimen143
\caption@tempdima=\dimen144
\caption@indent=\dimen145
\caption@parindent=\dimen146
\caption@hangindent=\dimen147
)
\c@ContinuedFloat=\count125
Package caption Info: listings package is loaded.
)
(/usr/share/texlive/texmf-dist/tex/latex/csquotes/csquotes.sty
Package: csquotes 2011/10/22 v5.1d context-sensitive quotations

(/usr/share/texlive/texmf-dist/tex/latex/etoolbox/etoolbox.sty
Package: etoolbox 2011/01/03 v2.1 e-TeX tools for LaTeX

(/usr/share/texlive/texmf-dist/tex/latex/etex-pkg/etex.sty
Package: etex 1998/03/26 v2.0 eTeX basic definition package (PEB)
\et@xins=\count126
)
\etb@tempcnta=\count127
)
\csq@reset=\count128
\csq@gtype=\count129
\csq@glevel=\count130
\csq@qlevel=\count131
\csq@maxlvl=\count132
\csq@tshold=\count133
\csq@ltx@everypar=\toks28

(/usr/share/texlive/texmf-dist/tex/latex/csquotes/csquotes.def
File: csquotes.def 2011/10/22 v5.1d csquotes generic definitions
)
Package csquotes Info: Trying to load configuration file 'csquotes.cfg'...
Package csquotes Info: ... configuration file loaded successfully.

(/usr/share/texlive/texmf-dist/tex/latex/csquotes/csquotes.cfg
File: csquotes.cfg 
)
Package csquotes Info: Enabling multilingual quotes.
)
(/usr/share/texlive/texmf-dist/tex/latex/base/textcomp.sty
Package: textcomp 2005/09/27 v1.99g Standard LaTeX package
Package textcomp Info: Sub-encoding information:
(textcomp)               5 = only ISO-Adobe without \textcurrency
(textcomp)               4 = 5 + \texteuro
(textcomp)               3 = 4 + \textohm
(textcomp)               2 = 3 + \textestimated + \textcurrency
(textcomp)               1 = TS1 - \textcircled - \t
(textcomp)               0 = TS1 (full)
(textcomp)             Font families with sub-encoding setting implement
(textcomp)             only a restricted character set as indicated.
(textcomp)             Family '?' is the default used for unknown fonts.
(textcomp)             See the documentation for details.
Package textcomp Info: Setting ? sub-encoding to TS1/1 on input line 71.

(/usr/share/texlive/texmf-dist/tex/latex/base/ts1enc.def
File: ts1enc.def 2001/06/05 v3.0e (jk/car/fm) Standard LaTeX file
)
LaTeX Info: Redefining \oldstylenums on input line 266.
Package textcomp Info: Setting cmr sub-encoding to TS1/0 on input line 281.
Package textcomp Info: Setting cmss sub-encoding to TS1/0 on input line 282.
Package textcomp Info: Setting cmtt sub-encoding to TS1/0 on input line 283.
Package textcomp Info: Setting cmvtt sub-encoding to TS1/0 on input line 284.
Package textcomp Info: Setting cmbr sub-encoding to TS1/0 on input line 285.
Package textcomp Info: Setting cmtl sub-encoding to TS1/0 on input line 286.
Package textcomp Info: Setting ccr sub-encoding to TS1/0 on input line 287.
Package textcomp Info: Setting ptm sub-encoding to TS1/4 on input line 288.
Package textcomp Info: Setting pcr sub-encoding to TS1/4 on input line 289.
Package textcomp Info: Setting phv sub-encoding to TS1/4 on input line 290.
Package textcomp Info: Setting ppl sub-encoding to TS1/3 on input line 291.
Package textcomp Info: Setting pag sub-encoding to TS1/4 on input line 292.
Package textcomp Info: Setting pbk sub-encoding to TS1/4 on input line 293.
Package textcomp Info: Setting pnc sub-encoding to TS1/4 on input line 294.
Package textcomp Info: Setting pzc sub-encoding to TS1/4 on input line 295.
Package textcomp Info: Setting bch sub-encoding to TS1/4 on input line 296.
Package textcomp Info: Setting put sub-encoding to TS1/5 on input line 297.
Package textcomp Info: Setting uag sub-encoding to TS1/5 on input line 298.
Package textcomp Info: Setting ugq sub-encoding to TS1/5 on input line 299.
Package textcomp Info: Setting ul8 sub-encoding to TS1/4 on input line 300.
Package textcomp Info: Setting ul9 sub-encoding to TS1/4 on input line 301.
Package textcomp Info: Setting augie sub-encoding to TS1/5 on input line 302.
Package textcomp Info: Setting dayrom sub-encoding to TS1/3 on input line 303.
Package textcomp Info: Setting dayroms sub-encoding to TS1/3 on input line 304.

Package textcomp Info: Setting pxr sub-encoding to TS1/0 on input line 305.
Package textcomp Info: Setting pxss sub-encoding to TS1/0 on input line 306.
Package textcomp Info: Setting pxtt sub-encoding to TS1/0 on input line 307.
Package textcomp Info: Setting txr sub-encoding to TS1/0 on input line 308.
Package textcomp Info: Setting txss sub-encoding to TS1/0 on input line 309.
Package textcomp Info: Setting txtt sub-encoding to TS1/0 on input line 310.
Package textcomp Info: Setting lmr sub-encoding to TS1/0 on input line 311.
Package textcomp Info: Setting lmdh sub-encoding to TS1/0 on input line 312.
Package textcomp Info: Setting lmss sub-encoding to TS1/0 on input line 313.
Package textcomp Info: Setting lmssq sub-encoding to TS1/0 on input line 314.
Package textcomp Info: Setting lmvtt sub-encoding to TS1/0 on input line 315.
Package textcomp Info: Setting qhv sub-encoding to TS1/0 on input line 316.
Package textcomp Info: Setting qag sub-encoding to TS1/0 on input line 317.
Package textcomp Info: Setting qbk sub-encoding to TS1/0 on input line 318.
Package textcomp Info: Setting qcr sub-encoding to TS1/0 on input line 319.
Package textcomp Info: Setting qcs sub-encoding to TS1/0 on input line 320.
Package textcomp Info: Setting qpl sub-encoding to TS1/0 on input line 321.
Package textcomp Info: Setting qtm sub-encoding to TS1/0 on input line 322.
Package textcomp Info: Setting qzc sub-encoding to TS1/0 on input line 323.
Package textcomp Info: Setting qhvc sub-encoding to TS1/0 on input line 324.
Package textcomp Info: Setting futs sub-encoding to TS1/4 on input line 325.
Package textcomp Info: Setting futx sub-encoding to TS1/4 on input line 326.
Package textcomp Info: Setting futj sub-encoding to TS1/4 on input line 327.
Package textcomp Info: Setting hlh sub-encoding to TS1/3 on input line 328.
Package textcomp Info: Setting hls sub-encoding to TS1/3 on input line 329.
Package textcomp Info: Setting hlst sub-encoding to TS1/3 on input line 330.
Package textcomp Info: Setting hlct sub-encoding to TS1/5 on input line 331.
Package textcomp Info: Setting hlx sub-encoding to TS1/5 on input line 332.
Package textcomp Info: Setting hlce sub-encoding to TS1/5 on input line 333.
Package textcomp Info: Setting hlcn sub-encoding to TS1/5 on input line 334.
Package textcomp Info: Setting hlcw sub-encoding to TS1/5 on input line 335.
Package textcomp Info: Setting hlcf sub-encoding to TS1/5 on input line 336.
Package textcomp Info: Setting pplx sub-encoding to TS1/3 on input line 337.
Package textcomp Info: Setting pplj sub-encoding to TS1/3 on input line 338.
Package textcomp Info: Setting ptmx sub-encoding to TS1/4 on input line 339.
Package textcomp Info: Setting ptmj sub-encoding to TS1/4 on input line 340.
)
(/usr/share/texlive/texmf-dist/tex/latex/setspace/setspace.sty
Package: setspace 2011/12/19 v6.7a set line spacing
)
(/usr/share/texlive/texmf-dist/tex/latex/footmisc/footmisc.sty
Package: footmisc 2011/06/06 v5.5b a miscellany of footnote facilities
\FN@temptoken=\toks29
\footnotemargin=\dimen148
\c@pp@next@reset=\count134
Package footmisc Info: Declaring symbol style bringhurst on input line 855.
Package footmisc Info: Declaring symbol style chicago on input line 863.
Package footmisc Info: Declaring symbol style wiley on input line 872.
Package footmisc Info: Declaring symbol style lamport-robust on input line 883.

Package footmisc Info: Declaring symbol style lamport* on input line 903.
Package footmisc Info: Declaring symbol style lamport*-robust on input line 924
.
)
(/usr/share/texlive/texmf-dist/tex/latex/hyperref/hyperref.sty
Package: hyperref 2012/11/06 v6.83m Hypertext links for LaTeX

(/usr/share/texlive/texmf-dist/tex/generic/oberdiek/hobsub-hyperref.sty
Package: hobsub-hyperref 2012/05/28 v1.13 Bundle oberdiek, subset hyperref (HO)


(/usr/share/texlive/texmf-dist/tex/generic/oberdiek/hobsub-generic.sty
Package: hobsub-generic 2012/05/28 v1.13 Bundle oberdiek, subset generic (HO)
Package: hobsub 2012/05/28 v1.13 Construct package bundles (HO)
Package hobsub Info: Skipping package `infwarerr' (already loaded).
Package hobsub Info: Skipping package `ltxcmds' (already loaded).
Package: ifluatex 2010/03/01 v1.3 Provides the ifluatex switch (HO)
Package ifluatex Info: LuaTeX not detected.
Package hobsub Info: Skipping package `ifvtex' (already loaded).
Package: intcalc 2007/09/27 v1.1 Expandable calculations with integers (HO)
Package hobsub Info: Skipping package `ifpdf' (already loaded).
Package: etexcmds 2011/02/16 v1.5 Avoid name clashes with e-TeX commands (HO)
Package etexcmds Info: Could not find \expanded.
(etexcmds)             That can mean that you are not using pdfTeX 1.50 or
(etexcmds)             that some package has redefined \expanded.
(etexcmds)             In the latter case, load this package earlier.
Package: kvsetkeys 2012/04/25 v1.16 Key value parser (HO)
Package: kvdefinekeys 2011/04/07 v1.3 Define keys (HO)
Package: pdftexcmds 2011/11/29 v0.20 Utility functions of pdfTeX for LuaTeX (HO
)
Package pdftexcmds Info: LuaTeX not detected.
Package pdftexcmds Info: \pdf@primitive is available.
Package pdftexcmds Info: \pdf@ifprimitive is available.
Package pdftexcmds Info: \pdfdraftmode found.
Package: pdfescape 2011/11/25 v1.13 Implements pdfTeX's escape features (HO)
Package: bigintcalc 2012/04/08 v1.3 Expandable calculations on big integers (HO
)
Package: bitset 2011/01/30 v1.1 Handle bit-vector datatype (HO)
Package: uniquecounter 2011/01/30 v1.2 Provide unlimited unique counter (HO)
)
Package hobsub Info: Skipping package `hobsub' (already loaded).
Package: letltxmacro 2010/09/02 v1.4 Let assignment for LaTeX macros (HO)
Package: hopatch 2012/05/28 v1.2 Wrapper for package hooks (HO)
Package: xcolor-patch 2011/01/30 xcolor patch
Package: atveryend 2011/06/30 v1.8 Hooks at the very end of document (HO)
Package: atbegshi 2011/10/05 v1.16 At begin shipout hook (HO)
Package: refcount 2011/10/16 v3.4 Data extraction from label references (HO)
Package: hycolor 2011/01/30 v1.7 Color options for hyperref/bookmark (HO)
)
(/usr/share/texlive/texmf-dist/tex/latex/oberdiek/auxhook.sty
Package: auxhook 2011/03/04 v1.3 Hooks for auxiliary files (HO)
)
(/usr/share/texlive/texmf-dist/tex/latex/oberdiek/kvoptions.sty
Package: kvoptions 2011/06/30 v3.11 Key value format for package options (HO)
)
\@linkdim=\dimen149
\Hy@linkcounter=\count135
\Hy@pagecounter=\count136

(/usr/share/texlive/texmf-dist/tex/latex/hyperref/pd1enc.def
File: pd1enc.def 2012/11/06 v6.83m Hyperref: PDFDocEncoding definition (HO)
)
\Hy@SavedSpaceFactor=\count137

(/usr/share/texlive/texmf-dist/tex/latex/latexconfig/hyperref.cfg
File: hyperref.cfg 2002/06/06 v1.2 hyperref configuration of TeXLive
)
Package hyperref Info: Option `unicode' set `true' on input line 4319.

(/usr/share/texlive/texmf-dist/tex/latex/hyperref/puenc.def
File: puenc.def 2012/11/06 v6.83m Hyperref: PDF Unicode definition (HO)
)
Package hyperref Info: Option `bookmarks' set `true' on input line 4319.
Package hyperref Info: Hyper figures OFF on input line 4443.
Package hyperref Info: Link nesting OFF on input line 4448.
Package hyperref Info: Hyper index ON on input line 4451.
Package hyperref Info: Plain pages OFF on input line 4458.
Package hyperref Info: Backreferencing OFF on input line 4463.
Package hyperref Info: Implicit mode ON; LaTeX internals redefined.
Package hyperref Info: Bookmarks ON on input line 4688.
\c@Hy@tempcnt=\count138
LaTeX Info: Redefining \url on input line 5041.
\XeTeXLinkMargin=\dimen150
\Fld@menulength=\count139
\Field@Width=\dimen151
\Fld@charsize=\dimen152
Package hyperref Info: Hyper figures OFF on input line 6295.
Package hyperref Info: Link nesting OFF on input line 6300.
Package hyperref Info: Hyper index ON on input line 6303.
Package hyperref Info: backreferencing OFF on input line 6310.
Package hyperref Info: Link coloring OFF on input line 6315.
Package hyperref Info: Link coloring with OCG OFF on input line 6320.
Package hyperref Info: PDF/A mode OFF on input line 6325.
LaTeX Info: Redefining \ref on input line 6365.
LaTeX Info: Redefining \pageref on input line 6369.
\Hy@abspage=\count140
\c@Item=\count141
\c@Hfootnote=\count142
)

Package hyperref Message: Driver (autodetected): hpdftex.

(/usr/share/texlive/texmf-dist/tex/latex/hyperref/hpdftex.def
File: hpdftex.def 2012/11/06 v6.83m Hyperref driver for pdfTeX
\Fld@listcount=\count143
\c@bookmark@seq@number=\count144

(/usr/share/texlive/texmf-dist/tex/latex/oberdiek/rerunfilecheck.sty
Package: rerunfilecheck 2011/04/15 v1.7 Rerun checks for auxiliary files (HO)
Package uniquecounter Info: New unique counter `rerunfilecheck' on input line 2
82.
)
\Hy@SectionHShift=\skip48
)
Package hyperref Info: Option `colorlinks' set `true' on input line 40.
\c@sidenote=\count145

(/usr/share/texlive/texmf-dist/tex/latex/listings/lstlang1.sty
File: lstlang1.sty 2013/08/26 1.5b listings language file
)
Package csquotes Info: Checking for multilingual support...
Package csquotes Info: ... found 'babel' package.
 (./master.aux
(./uvod.aux) (./2_0_prog_jez_Py.aux) (./2_1_Rac_i_prom.aux)
(./2_2_Tip_podataka.aux) (./2_3_uslov.aux) (./2_4_petlje.aux)
(./2_5_funkcije.aux) (./2_6_klase.aux) (./3_0_pretraga.aux) (./4_0_crawler.aux)
(./5_0_query.aux) (./6_0_rang.aux) (./7_0_zakljucak.aux) (./appendix_a.aux)
(./appendix_b.aux) (./appendix_v.aux

LaTeX Warning: Label `lst:prva' multiply defined.

) (./appendix_g.aux))
\openout1 = `master.aux'.

LaTeX Font Info:    Checking defaults for OML/cmm/m/it on input line 68.
LaTeX Font Info:    ... okay on input line 68.
LaTeX Font Info:    Checking defaults for T1/cmr/m/n on input line 68.
LaTeX Font Info:    ... okay on input line 68.
LaTeX Font Info:    Checking defaults for OT1/cmr/m/n on input line 68.
LaTeX Font Info:    ... okay on input line 68.
LaTeX Font Info:    Checking defaults for OMS/cmsy/m/n on input line 68.
LaTeX Font Info:    ... okay on input line 68.
LaTeX Font Info:    Checking defaults for OMX/cmex/m/n on input line 68.
LaTeX Font Info:    ... okay on input line 68.
LaTeX Font Info:    Checking defaults for U/cmr/m/n on input line 68.
LaTeX Font Info:    ... okay on input line 68.
LaTeX Font Info:    Checking defaults for T2A/cmr/m/n on input line 68.
LaTeX Font Info:    ... okay on input line 68.
LaTeX Font Info:    Checking defaults for TS1/cmr/m/n on input line 68.
LaTeX Font Info:    Try loading font information for TS1+cmr on input line 68.
 (/usr/share/texlive/texmf-dist/tex/latex/base/ts1cmr.fd
File: ts1cmr.fd 1999/05/25 v2.5h Standard LaTeX font definitions
)
LaTeX Font Info:    ... okay on input line 68.
LaTeX Font Info:    Checking defaults for PD1/pdf/m/n on input line 68.
LaTeX Font Info:    ... okay on input line 68.
LaTeX Font Info:    Checking defaults for PU/pdf/m/n on input line 68.
LaTeX Font Info:    ... okay on input line 68.

(/usr/share/texlive/texmf-dist/tex/latex/ucs/ucsencs.def
File: ucsencs.def 2011/01/21 Fixes to fontencodings LGR, T3
)
(/usr/share/texlive/texmf-dist/tex/context/base/supp-pdf.mkii
[Loading MPS to PDF converter (version 2006.09.02).]
\scratchcounter=\count146
\scratchdimen=\dimen153
\scratchbox=\box60
\nofMPsegments=\count147
\nofMParguments=\count148
\everyMPshowfont=\toks30
\MPscratchCnt=\count149
\MPscratchDim=\dimen154
\MPnumerator=\count150
\makeMPintoPDFobject=\count151
\everyMPtoPDFconversion=\toks31
) (/usr/share/texlive/texmf-dist/tex/latex/oberdiek/epstopdf-base.sty
Package: epstopdf-base 2010/02/09 v2.5 Base part for package epstopdf

(/usr/share/texlive/texmf-dist/tex/latex/oberdiek/grfext.sty
Package: grfext 2010/08/19 v1.1 Manage graphics extensions (HO)
)
Package grfext Info: Graphics extension search list:
(grfext)             [.png,.pdf,.jpg,.mps,.jpeg,.jbig2,.jb2,.PNG,.PDF,.JPG,.JPE
G,.JBIG2,.JB2,.eps]
(grfext)             \AppendGraphicsExtensions on input line 452.

(/usr/share/texlive/texmf-dist/tex/latex/latexconfig/epstopdf-sys.cfg
File: epstopdf-sys.cfg 2010/07/13 v1.3 Configuration of (r)epstopdf for TeX Liv
e
))
*geometry* driver: auto-detecting
*geometry* detected driver: pdftex
*geometry* verbose mode - [ preamble ] result:
* driver: pdftex
* paper: <default>
* layout: <same size as paper>
* layoutoffset:(h,v)=(0.0pt,0.0pt)
* modes: 
* h-part:(L,W,R)=(72.26999pt, 469.75502pt, 72.26999pt)
* v-part:(T,H,B)=(72.26999pt, 650.43001pt, 72.26999pt)
* \paperwidth=614.295pt
* \paperheight=794.96999pt
* \textwidth=469.75502pt
* \textheight=650.43001pt
* \oddsidemargin=0.0pt
* \evensidemargin=0.0pt
* \topmargin=-37.0pt
* \headheight=12.0pt
* \headsep=25.0pt
* \topskip=11.0pt
* \footskip=30.0pt
* \marginparwidth=59.0pt
* \marginparsep=10.0pt
* \columnsep=10.0pt
* \skip\footins=10.0pt plus 4.0pt minus 2.0pt
* \hoffset=0.0pt
* \voffset=0.0pt
* \mag=1000
* \@twocolumnfalse
* \@twosidefalse
* \@mparswitchfalse
* \@reversemarginfalse
* (1in=72.27pt=25.4mm, 1cm=28.453pt)

\c@lstlisting=\count152
Package caption Info: Begin \AtBeginDocument code.
Package caption Info: hyperref package is loaded.
Package caption Info: End \AtBeginDocument code.
\AtBeginShipoutBox=\box61
Package hyperref Info: Link coloring ON on input line 68.
(/usr/share/texlive/texmf-dist/tex/latex/hyperref/nameref.sty
Package: nameref 2012/10/27 v2.43 Cross-referencing by name of section

(/usr/share/texlive/texmf-dist/tex/generic/oberdiek/gettitlestring.sty
Package: gettitlestring 2010/12/03 v1.4 Cleanup title references (HO)
)
\c@section@level=\count153
)
LaTeX Info: Redefining \ref on input line 68.
LaTeX Info: Redefining \pageref on input line 68.
LaTeX Info: Redefining \nameref on input line 68.

(./master.out) (./master.out)
\@outlinefile=\write4
\openout4 = `master.out'.

 (./title_page_1.tex
(/usr/share/texlive/texmf-dist/tex/latex/ucs/data/uni-4.def
File: uni-4.def 2013/05/13 UCS: Unicode data U+0400..U+04FF
)
LaTeX Font Info:    Try loading font information for U+msa on input line 70.

(/usr/share/texlive/texmf-dist/tex/latex/amsfonts/umsa.fd
File: umsa.fd 2013/01/14 v3.01 AMS symbols A
)
LaTeX Font Info:    Try loading font information for U+msb on input line 70.

(/usr/share/texlive/texmf-dist/tex/latex/amsfonts/umsb.fd
File: umsb.fd 2013/01/14 v3.01 AMS symbols B
)
<vecigrb.png, id=293, 346.29375pt x 409.53pt>
File: vecigrb.png Graphic file (type png)
 <use vecigrb.png>
Package pdftex.def Info: vecigrb.png used on input line 87.
(pdftex.def)             Requested size: 114.27728pt x 135.14531pt.
 [1

{/var/lib/texmf/fonts/map/pdftex/updmap/pdftex.map} <./vecigrb.png>]) (./master
.toc [1])
\tf@toc=\write5
\openout5 = `master.toc'.


[2]
\openout2 = `uvod.aux'.

 (./uvod.tex)pdfTeX warning (ext4): destination with the same identifier (name{
page.1}) has been already used, duplicate ignored
<to be read again> 
                   \relax 
l.79 \include{uvod}
                    [1

]
\openout2 = `2_0_prog_jez_Py.aux'.

 (./2_0_prog_jez_Py.tex [2


]
LaTeX Font Info:    Try loading font information for T2A+cmtt on input line 42.


(/usr/share/texlive/texmf-dist/tex/latex/cyrillic/t2acmtt.fd
File: t2acmtt.fd 2001/08/11 v1.0a Computer Modern Cyrillic font definitions
)) [3]
\openout2 = `2_1_Rac_i_prom.aux'.


(./2_1_Rac_i_prom.tex
Overfull \hbox (6.0pt too wide) in paragraph at lines 22--22
[][][][][][][] 
 []


Overfull \hbox (6.0pt too wide) in paragraph at lines 29--29
[][][][][][][] 
 []

[4


]
Overfull \hbox (6.0pt too wide) in paragraph at lines 42--42
[][][][][][][] 
 []


Overfull \hbox (6.0pt too wide) in paragraph at lines 63--63
[][][][][][][] 
 []

<1a.png, id=459, 82.3075pt x 96.36pt>
File: 1a.png Graphic file (type png)
 <use 1a.png>
Package pdftex.def Info: 1a.png used on input line 77.
(pdftex.def)             Requested size: 82.30728pt x 96.35974pt.


LaTeX Warning: `h' float specifier changed to `ht'.

<2a.png, id=460, 92.345pt x 88.33pt>
File: 2a.png Graphic file (type png)
 <use 2a.png>
Package pdftex.def Info: 2a.png used on input line 92.
(pdftex.def)             Requested size: 92.34476pt x 88.32977pt.

<1.png, id=461, 36.135pt x 69.25874pt>
File: 1.png Graphic file (type png)
 <use 1.png>
Package pdftex.def Info: 1.png used on input line 93.
(pdftex.def)             Requested size: 36.13489pt x 69.25856pt.


LaTeX Warning: `h' float specifier changed to `ht'.

<2ab.png, id=462, 153.57375pt x 88.33pt>
File: 2ab.png Graphic file (type png)
 <use 2ab.png>
Package pdftex.def Info: 2ab.png used on input line 106.
(pdftex.def)             Requested size: 153.57336pt x 88.32977pt.


LaTeX Warning: `h' float specifier changed to `ht'.

[5]
Overfull \hbox (6.0pt too wide) in paragraph at lines 123--123
[][][][][][][] 
 []

) [6 <./1a.png> <./2a.png> <./1.png>] [7 <./2ab.png>]
\openout2 = `2_2_Tip_podataka.aux'.

 (./2_2_Tip_podataka.tex
Overfull \hbox (6.0pt too wide) in paragraph at lines 20--20
[][][][][][][] 
 []


Overfull \hbox (6.0pt too wide) in paragraph at lines 30--30
[][][][][][][] 
 []


Overfull \hbox (6.0pt too wide) in paragraph at lines 39--39
[][][][][][][] 
 []

<hello_string.png, id=509, 202.50656pt x 112.92188pt>
File: hello_string.png Graphic file (type png)
 <use hello_string.png>
Package pdftex.def Info: hello_string.png used on input line 45.
(pdftex.def)             Requested size: 202.50604pt x 112.92159pt.


LaTeX Warning: `h' float specifier changed to `ht'.

[8


]
Overfull \hbox (6.0pt too wide) in paragraph at lines 90--90
[][][][][][][] 
 []

[9 <./hello_string.png>]
Overfull \hbox (6.0pt too wide) in paragraph at lines 102--102
[][][][][][][] 
 []


Overfull \hbox (6.0pt too wide) in paragraph at lines 109--109
[][][][][][][] 
 []

<bitlsi1.png, id=550, 485.815pt x 63.23625pt>
File: bitlsi1.png Graphic file (type png)
 <use bitlsi1.png>
Package pdftex.def Info: bitlsi1.png used on input line 116.
(pdftex.def)             Requested size: 242.9069pt x 31.61804pt.

<bitlsi2.png, id=551, 479.7925pt x 100.375pt>
File: bitlsi2.png Graphic file (type png)
 <use bitlsi2.png>
Package pdftex.def Info: bitlsi2.png used on input line 125.
(pdftex.def)             Requested size: 239.89565pt x 50.18736pt.


Package Listings Warning: Text dropped after begin of listing on input line 134
.

[10 <./bitlsi1.png> <./bitlsi2.png>]
Overfull \hbox (6.0pt too wide) in paragraph at lines 142--142
[][][][][][][] 
 []


Package Listings Warning: Text dropped after begin of listing on input line 169
.


Overfull \hbox (6.0pt too wide) in paragraph at lines 187--187
[][][][][][][] 
 []

[11]
Overfull \hbox (6.0pt too wide) in paragraph at lines 209--209
[][][][][][][] 
 []


Overfull \hbox (6.0pt too wide) in paragraph at lines 216--216
[][][][][][][] 
 []

[12]
Overfull \hbox (6.0pt too wide) in paragraph at lines 226--226
[][][][][][][] 
 []


Overfull \hbox (6.0pt too wide) in paragraph at lines 232--232
[][][][][][][] 
 []


Overfull \hbox (6.0pt too wide) in paragraph at lines 271--271
[][][][][][][] 
 []

[13]
Overfull \hbox (6.0pt too wide) in paragraph at lines 286--286
[][][][][][][] 
 []

) [14]
\openout2 = `2_3_uslov.aux'.

 (./2_3_uslov.tex <whitespace.png, id=672, 770.88pt x 504.88625pt>
File: whitespace.png Graphic file (type png)

<use whitespace.png>
Package pdftex.def Info: whitespace.png used on input line 17.
(pdftex.def)             Requested size: 385.43906pt x 252.44249pt.

Overfull \hbox (6.0pt too wide) in paragraph at lines 30--30
[][][][][][][] 
 []

[15


 <./whitespace.png>]
Overfull \hbox (6.0pt too wide) in paragraph at lines 43--43
[][][][][][][] 
 []

) [16]
\openout2 = `2_4_petlje.aux'.

 (./2_4_petlje.tex
Overfull \hbox (6.0pt too wide) in paragraph at lines 14--14
[][][][][][][] 
 []


Overfull \hbox (6.0pt too wide) in paragraph at lines 27--27
[][][][][][][] 
 []

) [17


]
\openout2 = `2_5_funkcije.aux'.

 (./2_5_funkcije.tex
Overfull \hbox (6.0pt too wide) in paragraph at lines 21--21
[][][][][][][] 
 []

) [18


]
\openout2 = `2_6_klase.aux'.

 (./2_6_klase.tex
Overfull \hbox (6.0pt too wide) in paragraph at lines 26--26
[][][][][][][] 
 []


Overfull \hbox (6.0pt too wide) in paragraph at lines 36--36
[][][][][][][] 
 []

[19


]
Overfull \hbox (6.0pt too wide) in paragraph at lines 52--52
[][][][][][][] 
 []

) [20]
\openout2 = `3_0_pretraga.aux'.

 (./3_0_pretraga.tex
(/usr/share/texlive/texmf-dist/tex/latex/ucs/data/uni-0.def
File: uni-0.def 2013/05/13 UCS: Unicode data U+0000..U+00FF
) [21


]
Package epstopdf Info: Source file: <crawler.eps>
(epstopdf)                    date: 2015-12-12 17:37:57
(epstopdf)                    size: 125780 bytes
(epstopdf)             Output file: <crawler-eps-converted-to.pdf>
(epstopdf)                    date: 2015-12-12 17:38:10
(epstopdf)                    size: 45427 bytes
(epstopdf)             Command: <epstopdf --outfile=crawler-eps-converted-to.pd
f crawler.eps>
(epstopdf)             \includegraphics on input line 44.
Package epstopdf Info: Output file is already uptodate.

<crawler-eps-converted-to.pdf, id=781, 611.28375pt x 428.60126pt>
File: crawler-eps-converted-to.pdf Graphic file (type pdf)

<use crawler-eps-converted-to.pdf>
Package pdftex.def Info: crawler-eps-converted-to.pdf used on input line 44.
(pdftex.def)             Requested size: 305.64113pt x 214.3001pt.
 [22] [23 <./crawler-eps-converted-to.pdf>]
Overfull \hbox (6.0pt too wide) in paragraph at lines 73--73
[][][][][][][] 
 []


Overfull \hbox (6.0pt too wide) in paragraph at lines 96--96
[][][][][][][] 
 []

[24]
Overfull \hbox (6.0pt too wide) in paragraph at lines 113--113
[][][][][][][] 
 []


Overfull \hbox (6.0pt too wide) in paragraph at lines 130--130
[][][][][][][] 
 []


Overfull \hbox (6.0pt too wide) in paragraph at lines 145--145
[][][][][][][] 
 []

) [25]
\openout2 = `4_0_crawler.aux'.

 (./4_0_crawler.tex
Overfull \hbox (6.0pt too wide) in paragraph at lines 20--20
[][][][][][][] 
 []

[26


]
Overfull \hbox (6.0pt too wide) in paragraph at lines 59--59
[][][][][][][] 
 []


Overfull \hbox (6.0pt too wide) in paragraph at lines 81--81
[][][][][][][] 
 []

[27]
Overfull \hbox (6.0pt too wide) in paragraph at lines 103--103
[][][][][][][] 
 []

) [28]
\openout2 = `5_0_query.aux'.

 (./5_0_query.tex <index1.png, id=961, 338.26375pt x 126.4725pt>
File: index1.png Graphic file (type png)

<use index1.png>
Package pdftex.def Info: index1.png used on input line 13.
(pdftex.def)             Requested size: 200.75584pt x 75.28197pt.

Underfull \hbox (badness 10000) in paragraph at lines 18--19

 []

<index2.png, id=963, 440.64626pt x 168.63pt>
File: index2.png Graphic file (type png)
 <use index2.png>
Package pdftex.def Info: index2.png used on input line 22.
(pdftex.def)             Requested size: 260.9876pt x 100.37596pt.

<index3.png, id=965, 498.86375pt x 181.67876pt>
File: index3.png Graphic file (type png)
 <use index3.png>
Package pdftex.def Info: index3.png used on input line 31.
(pdftex.def)             Requested size: 301.13222pt x 110.41635pt.
 [29


 <./index1.png> <./index2.png> <./index3.png>]
Overfull \hbox (6.0pt too wide) in paragraph at lines 57--57
[][][][][][][] 
 []


Overfull \hbox (6.0pt too wide) in paragraph at lines 73--73
[][][][][][][] 
 []


Overfull \hbox (6.0pt too wide) in paragraph at lines 87--87
[][][][][][][] 
 []

[30] [31]
Overfull \hbox (6.0pt too wide) in paragraph at lines 150--150
[][][][][][][] 
 []


Overfull \hbox (6.0pt too wide) in paragraph at lines 162--162
[][][][][][][] 
 []

[32] <hashtab1.png, id=1075, 473.77pt x 162.6075pt>
File: hashtab1.png Graphic file (type png)
 <use hashtab1.png>
Package pdftex.def Info: hashtab1.png used on input line 195.
(pdftex.def)             Requested size: 473.79053pt x 162.6195pt.

Overfull \hbox (4.0355pt too wide) in paragraph at lines 195--196
 [][] 
 []


LaTeX Warning: `h' float specifier changed to `ht'.

<hashtab2.png, id=1076, 447.6725pt x 257.96375pt>
File: hashtab2.png Graphic file (type png)
 <use hashtab2.png>
Package pdftex.def Info: hashtab2.png used on input line 202.
(pdftex.def)             Requested size: 447.68506pt x 257.98671pt.


LaTeX Warning: `h' float specifier changed to `ht'.


Underfull \hbox (badness 10000) in paragraph at lines 207--208

 []

<hashstring.png, id=1078, 598.235pt x 112.42pt>
File: hashstring.png Graphic file (type png)
 <use hashstring.png>
Package pdftex.def Info: hashstring.png used on input line 215.
(pdftex.def)             Requested size: 401.50912pt x 75.28497pt.
 [33]

LaTeX Warning: `h' float specifier changed to `ht'.

(/usr/share/texlive/texmf-dist/tex/latex/ucs/data/uni-32.def
File: uni-32.def 2013/05/13 UCS: Unicode data U+2000..U+20FF
)
Overfull \hbox (6.0pt too wide) in paragraph at lines 225--225
[][][][][][][] 
 []


Overfull \hbox (6.0pt too wide) in paragraph at lines 239--239
[][][][][][][] 
 []

[34 <./hashtab1.png>]
Overfull \hbox (6.0pt too wide) in paragraph at lines 253--253
[][][][][][][] 
 []

[35 <./hashtab2.png (PNG copy)> <./hashstring.png (PNG copy)>]
Overfull \hbox (6.0pt too wide) in paragraph at lines 265--265
[][][][][][][] 
 []


Overfull \hbox (6.0pt too wide) in paragraph at lines 273--273
[][][][][][][] 
 []


Overfull \hbox (6.0pt too wide) in paragraph at lines 291--291
[][][][][][][] 
 []

[36]
Overfull \hbox (6.0pt too wide) in paragraph at lines 315--315
[][][][][][][] 
 []

[37]
Overfull \hbox (6.0pt too wide) in paragraph at lines 387--387
[][][][][][][] 
 []

) [38]
\openout2 = `6_0_rang.aux'.

 (./6_0_rang.tex

LaTeX Warning: Command \cyrje invalid in math mode on input line 20.

<graf.png, id=1249, 492.84125pt x 353.32pt>
File: graf.png Graphic file (type png)
 <use graf.png>
Package pdftex.def Info: graf.png used on input line 32.
(pdftex.def)             Requested size: 295.70702pt x 211.99364pt.


LaTeX Warning: `h' float specifier changed to `ht'.


LaTeX Warning: `h' float specifier changed to `ht'.

[39


] [40 <./graf.png>]
Underfull \hbox (badness 10000) in paragraph at lines 89--93

 []

[41]
Overfull \hbox (6.0pt too wide) in paragraph at lines 150--150
[][][][][][][] 
 []

[42]
Overfull \hbox (6.0pt too wide) in paragraph at lines 177--177
[][][][][][][] 
 []


Overfull \hbox (6.0pt too wide) in paragraph at lines 216--216
[][][][][][][] 
 []

[43]
Overfull \hbox (6.0pt too wide) in paragraph at lines 238--238
[][][][][][][] 
 []

) [44]
\openout2 = `7_0_zakljucak.aux'.

 (./7_0_zakljucak.tex) [45


]
\openout2 = `appendix_a.aux'.

 (./appendix_a.tex (./crawler.py [46


] [47]
[48])
Overfull \hbox (6.0pt too wide) in paragraph at lines 5--5
[][][][][][][] 
 []

) [49]
\openout2 = `appendix_b.aux'.

 (./appendix_b.tex (./list-test.py [50


] [51])
Overfull \hbox (6.0pt too wide) in paragraph at lines 13--13
[][][][][][][] 
 []

(./dict-test.py [52] [53])
Overfull \hbox (6.0pt too wide) in paragraph at lines 16--16
[][][][][][][] 
 []

) [54]
\openout2 = `appendix_v.aux'.

 (./appendix_v.tex
Underfull \hbox (badness 10000) in paragraph at lines 2--3

 []

(/usr/share/texlive/texmf-dist/tex/latex/listings/lstlang1.sty
File: lstlang1.sty 2013/08/26 1.5b listings language file
)
(/usr/share/texlive/texmf-dist/tex/latex/listings/lstmisc.sty
File: lstmisc.sty 2013/08/26 1.5b (Carsten Heinz)
)
Overfull \hbox (6.0pt too wide) in paragraph at lines 22--22
[][][][][][][] 
 []


Overfull \hbox (183.5241pt too wide) in paragraph at lines 36--37
[][][][][][][][][][][][][][][][][][][][][][][][][][][][][][][][][][][][][][] 
 []


Overfull \hbox (6.0pt too wide) in paragraph at lines 40--40
[][][][][][][] 
 []

[55


]
Overfull \hbox (203.12247pt too wide) in paragraph at lines 53--54
[][][][][][][][][][][][][][][][][][][][][][][][][][][][][][][][][][][][][][] 
 []


Overfull \hbox (6.0pt too wide) in paragraph at lines 57--57
[][][][][][][] 
 []


Overfull \hbox (6.0pt too wide) in paragraph at lines 75--75
[][][][][][][] 
 []


Overfull \hbox (103.86398pt too wide) in paragraph at lines 77--80
[]\T2A/cmr/m/n/10.95 Странице су за-тим по-ста-в§ене на ло-кални сер-вер. Кад с
е уз к^^Bод [][]54[][] зада на-редба: [][][][][][][][][][][][][],
 []

[56]
Overfull \hbox (26.7371pt too wide) in paragraph at lines 138--139
[][][][][][][][][][][][][][][][][][][][] 
 []

) [57]
\openout2 = `appendix_g.aux'.

 (./appendix_g.tex (./master.lol [58


])
\tf@lol=\write6
\openout6 = `master.lol'.

) [59] (./master.bbl
Underfull \hbox (badness 4859) in paragraph at lines 4--8
[]\T2A/cmr/m/n/10.95 The art of hashing.  [][]$\T2A/cmtt/m/n/10.95 http : / / e
ternallyconfuzzled . com / tuts / algorithms / jsw _ tut _
 []

[60

])
Package atveryend Info: Empty hook `BeforeClearDocument' on input line 108.
 [61]
Package atveryend Info: Empty hook `AfterLastShipout' on input line 108.
 (./master.aux (./uvod.aux) (./2_0_prog_jez_Py.aux)
(./2_1_Rac_i_prom.aux) (./2_2_Tip_podataka.aux) (./2_3_uslov.aux)
(./2_4_petlje.aux) (./2_5_funkcije.aux) (./2_6_klase.aux) (./3_0_pretraga.aux)
(./4_0_crawler.aux) (./5_0_query.aux) (./6_0_rang.aux) (./7_0_zakljucak.aux)
(./appendix_a.aux) (./appendix_b.aux) (./appendix_v.aux) (./appendix_g.aux))
Package atveryend Info: Executing hook `AtVeryEndDocument' on input line 108.
Package atveryend Info: Executing hook `AtEndAfterFileList' on input line 108.
Package rerunfilecheck Info: File `master.out' has not changed.
(rerunfilecheck)             Checksum: 8C3659A2340112B5330A945D32E681B4;16259.


LaTeX Warning: There were multiply-defined labels.

 ) 
Here is how much of TeX's memory you used:
 19280 strings out of 493304
 266572 string characters out of 6139870
 381688 words of memory out of 5000000
 21081 multiletter control sequences out of 15000+600000
 26790 words of font info for 64 fonts, out of 8000000 for 9000
 957 hyphenation exceptions out of 8191
 37i,10n,53p,3013b,1932s stack positions out of 5000i,500n,10000p,200000b,80000s
{/usr/share/texmf/fonts/enc/dvips/cm-super/cm-super-t2a.enc}{/usr/share/texmf
/fonts/enc/dvips/cm-super/cm-super-ts1.enc}</usr/share/texlive/texmf-dist/fonts
/type1/public/amsfonts/cm/cmex10.pfb></usr/share/texlive/texmf-dist/fonts/type1
/public/amsfonts/cm/cmmi10.pfb></usr/share/texlive/texmf-dist/fonts/type1/publi
c/amsfonts/cm/cmmi6.pfb></usr/share/texlive/texmf-dist/fonts/type1/public/amsfo
nts/cm/cmmi8.pfb></usr/share/texlive/texmf-dist/fonts/type1/public/amsfonts/cm/
cmmi9.pfb></usr/share/texlive/texmf-dist/fonts/type1/public/amsfonts/cm/cmr10.p
fb></usr/share/texlive/texmf-dist/fonts/type1/public/amsfonts/cm/cmr8.pfb></usr
/share/texlive/texmf-dist/fonts/type1/public/amsfonts/cm/cmsy10.pfb></usr/share
/texlive/texmf-dist/fonts/type1/public/amsfonts/cm/cmsy8.pfb></usr/share/texliv
e/texmf-dist/fonts/type1/public/amsfonts/symbols/msam10.pfb></usr/share/texlive
/texmf-dist/fonts/type1/public/amsfonts/symbols/msbm10.pfb></usr/share/texmf/fo
nts/type1/public/cm-super/sfbx1095.pfb></usr/share/texmf/fonts/type1/public/cm-
super/sfbx1200.pfb></usr/share/texmf/fonts/type1/public/cm-super/sfbx1440.pfb><
/usr/share/texmf/fonts/type1/public/cm-super/sfbx2074.pfb></usr/share/texmf/fon
ts/type1/public/cm-super/sfcc1200.pfb></usr/share/texmf/fonts/type1/public/cm-s
uper/sfcc1440.pfb></usr/share/texmf/fonts/type1/public/cm-super/sfcc1728.pfb></
usr/share/texmf/fonts/type1/public/cm-super/sfrm0600.pfb></usr/share/texmf/font
s/type1/public/cm-super/sfrm0800.pfb></usr/share/texmf/fonts/type1/public/cm-su
per/sfrm0900.pfb></usr/share/texmf/fonts/type1/public/cm-super/sfrm1095.pfb></u
sr/share/texmf/fonts/type1/public/cm-super/sfrm1200.pfb></usr/share/texmf/fonts
/type1/public/cm-super/sfti0900.pfb></usr/share/texmf/fonts/type1/public/cm-sup
er/sfti1095.pfb></usr/share/texmf/fonts/type1/public/cm-super/sfti1200.pfb></us
r/share/texmf/fonts/type1/public/cm-super/sftt0900.pfb></usr/share/texmf/fonts/
type1/public/cm-super/sftt1095.pfb>
Output written on master.pdf (64 pages, 835639 bytes).
PDF statistics:
 2382 PDF objects out of 2487 (max. 8388607)
 2222 compressed objects within 23 object streams
 1268 named destinations out of 1440 (max. 500000)
 662 words of extra memory for PDF output out of 10000 (max. 10000000)

